Performing C SOURCE FILE Test CMAKE_HAVE_LIBC_PTHREAD failed with the following output:
Change Dir: /home/jetson/Self-Driving-Delivery-Robot/build/jetson_csi_stereo_ros/CMakeFiles/CMakeTmp

Run Build Command(s):/usr/bin/make -f Makefile cmTC_bea5e/fast && /usr/bin/make  -f CMakeFiles/cmTC_bea5e.dir/build.make CMakeFiles/cmTC_bea5e.dir/build
make[1]: Entering directory '/home/jetson/Self-Driving-Delivery-Robot/build/jetson_csi_stereo_ros/CMakeFiles/CMakeTmp'
Building C object CMakeFiles/cmTC_bea5e.dir/src.c.o
/usr/bin/cc -DCMAKE_HAVE_LIBC_PTHREAD   -o CMakeFiles/cmTC_bea5e.dir/src.c.o -c /home/jetson/Self-Driving-Delivery-Robot/build/jetson_csi_stereo_ros/CMakeFiles/CMakeTmp/src.c
Linking C executable cmTC_bea5e
/usr/local/bin/cmake -E cmake_link_script CMakeFiles/cmTC_bea5e.dir/link.txt --verbose=1
/usr/bin/cc -rdynamic CMakeFiles/cmTC_bea5e.dir/src.c.o -o cmTC_bea5e 
CMakeFiles/cmTC_bea5e.dir/src.c.o: In function `main':
src.c:(.text+0x48): undefined reference to `pthread_create'
src.c:(.text+0x50): undefined reference to `pthread_detach'
src.c:(.text+0x58): undefined reference to `pthread_cancel'
src.c:(.text+0x64): undefined reference to `pthread_join'
src.c:(.text+0x74): undefined reference to `pthread_atfork'
collect2: error: ld returned 1 exit status
CMakeFiles/cmTC_bea5e.dir/build.make:98: recipe for target 'cmTC_bea5e' failed
make[1]: *** [cmTC_bea5e] Error 1
make[1]: Leaving directory '/home/jetson/Self-Driving-Delivery-Robot/build/jetson_csi_stereo_ros/CMakeFiles/CMakeTmp'
Makefile:127: recipe for target 'cmTC_bea5e/fast' failed
make: *** [cmTC_bea5e/fast] Error 2


Source file was:
#include <pthread.h>

static void* test_func(void* data)
{
  return data;
}

int main(void)
{
  pthread_t thread;
  pthread_create(&thread, NULL, test_func, NULL);
  pthread_detach(thread);
  pthread_cancel(thread);
  pthread_join(thread, NULL);
  pthread_atfork(NULL, NULL, NULL);
  pthread_exit(NULL);

  return 0;
}

Determining if the function pthread_create exists in the pthreads failed with the following output:
Change Dir: /home/jetson/Self-Driving-Delivery-Robot/build/jetson_csi_stereo_ros/CMakeFiles/CMakeTmp

Run Build Command(s):/usr/bin/make -f Makefile cmTC_0fc62/fast && /usr/bin/make  -f CMakeFiles/cmTC_0fc62.dir/build.make CMakeFiles/cmTC_0fc62.dir/build
make[1]: Entering directory '/home/jetson/Self-Driving-Delivery-Robot/build/jetson_csi_stereo_ros/CMakeFiles/CMakeTmp'
Building C object CMakeFiles/cmTC_0fc62.dir/CheckFunctionExists.c.o
/usr/bin/cc   -DCHECK_FUNCTION_EXISTS=pthread_create -o CMakeFiles/cmTC_0fc62.dir/CheckFunctionExists.c.o -c /usr/local/share/cmake-3.20/Modules/CheckFunctionExists.c
Linking C executable cmTC_0fc62
/usr/local/bin/cmake -E cmake_link_script CMakeFiles/cmTC_0fc62.dir/link.txt --verbose=1
/usr/bin/cc  -DCHECK_FUNCTION_EXISTS=pthread_create -rdynamic CMakeFiles/cmTC_0fc62.dir/CheckFunctionExists.c.o -o cmTC_0fc62  -lpthreads 
/usr/bin/ld: cannot find -lpthreads
collect2: error: ld returned 1 exit status
CMakeFiles/cmTC_0fc62.dir/build.make:98: recipe for target 'cmTC_0fc62' failed
make[1]: *** [cmTC_0fc62] Error 1
make[1]: Leaving directory '/home/jetson/Self-Driving-Delivery-Robot/build/jetson_csi_stereo_ros/CMakeFiles/CMakeTmp'
Makefile:127: recipe for target 'cmTC_0fc62/fast' failed
make: *** [cmTC_0fc62/fast] Error 2



