Performing C SOURCE FILE Test CMAKE_HAVE_LIBC_PTHREAD failed with the following output:
Change Dir: /home/jetson/Self-Driving-Delivery-Robot/build/gpu_stereo_image_proc/ext/libSGM/src/ext-libSGM-build/CMakeFiles/CMakeTmp

Run Build Command(s):/usr/bin/make -f Makefile cmTC_1c5ef/fast && make[3]: Entering directory '/home/jetson/Self-Driving-Delivery-Robot/build/gpu_stereo_image_proc/ext/libSGM/src/ext-libSGM-build/CMakeFiles/CMakeTmp'
/usr/bin/make  -f CMakeFiles/cmTC_1c5ef.dir/build.make CMakeFiles/cmTC_1c5ef.dir/build
make[4]: Entering directory '/home/jetson/Self-Driving-Delivery-Robot/build/gpu_stereo_image_proc/ext/libSGM/src/ext-libSGM-build/CMakeFiles/CMakeTmp'
Building C object CMakeFiles/cmTC_1c5ef.dir/src.c.o
/usr/bin/cc -DCMAKE_HAVE_LIBC_PTHREAD   -o CMakeFiles/cmTC_1c5ef.dir/src.c.o -c /home/jetson/Self-Driving-Delivery-Robot/build/gpu_stereo_image_proc/ext/libSGM/src/ext-libSGM-build/CMakeFiles/CMakeTmp/src.c
Linking C executable cmTC_1c5ef
/usr/local/bin/cmake -E cmake_link_script CMakeFiles/cmTC_1c5ef.dir/link.txt --verbose=1
/usr/bin/cc CMakeFiles/cmTC_1c5ef.dir/src.c.o -o cmTC_1c5ef 
CMakeFiles/cmTC_1c5ef.dir/src.c.o: In function `main':
src.c:(.text+0x48): undefined reference to `pthread_create'
src.c:(.text+0x50): undefined reference to `pthread_detach'
src.c:(.text+0x58): undefined reference to `pthread_cancel'
src.c:(.text+0x64): undefined reference to `pthread_join'
src.c:(.text+0x74): undefined reference to `pthread_atfork'
collect2: error: ld returned 1 exit status
CMakeFiles/cmTC_1c5ef.dir/build.make:98: recipe for target 'cmTC_1c5ef' failed
make[4]: *** [cmTC_1c5ef] Error 1
make[4]: Leaving directory '/home/jetson/Self-Driving-Delivery-Robot/build/gpu_stereo_image_proc/ext/libSGM/src/ext-libSGM-build/CMakeFiles/CMakeTmp'
Makefile:127: recipe for target 'cmTC_1c5ef/fast' failed
make[3]: *** [cmTC_1c5ef/fast] Error 2
make[3]: Leaving directory '/home/jetson/Self-Driving-Delivery-Robot/build/gpu_stereo_image_proc/ext/libSGM/src/ext-libSGM-build/CMakeFiles/CMakeTmp'


Source file was:
#include <pthread.h>

static void* test_func(void* data)
{
  return data;
}

int main(void)
{
  pthread_t thread;
  pthread_create(&thread, NULL, test_func, NULL);
  pthread_detach(thread);
  pthread_cancel(thread);
  pthread_join(thread, NULL);
  pthread_atfork(NULL, NULL, NULL);
  pthread_exit(NULL);

  return 0;
}

Determining if the function pthread_create exists in the pthreads failed with the following output:
Change Dir: /home/jetson/Self-Driving-Delivery-Robot/build/gpu_stereo_image_proc/ext/libSGM/src/ext-libSGM-build/CMakeFiles/CMakeTmp

Run Build Command(s):/usr/bin/make -f Makefile cmTC_2ad8b/fast && make[3]: Entering directory '/home/jetson/Self-Driving-Delivery-Robot/build/gpu_stereo_image_proc/ext/libSGM/src/ext-libSGM-build/CMakeFiles/CMakeTmp'
/usr/bin/make  -f CMakeFiles/cmTC_2ad8b.dir/build.make CMakeFiles/cmTC_2ad8b.dir/build
make[4]: Entering directory '/home/jetson/Self-Driving-Delivery-Robot/build/gpu_stereo_image_proc/ext/libSGM/src/ext-libSGM-build/CMakeFiles/CMakeTmp'
Building C object CMakeFiles/cmTC_2ad8b.dir/CheckFunctionExists.c.o
/usr/bin/cc   -DCHECK_FUNCTION_EXISTS=pthread_create -o CMakeFiles/cmTC_2ad8b.dir/CheckFunctionExists.c.o -c /usr/local/share/cmake-3.20/Modules/CheckFunctionExists.c
Linking C executable cmTC_2ad8b
/usr/local/bin/cmake -E cmake_link_script CMakeFiles/cmTC_2ad8b.dir/link.txt --verbose=1
/usr/bin/cc  -DCHECK_FUNCTION_EXISTS=pthread_create CMakeFiles/cmTC_2ad8b.dir/CheckFunctionExists.c.o -o cmTC_2ad8b  -lpthreads 
/usr/bin/ld: cannot find -lpthreads
collect2: error: ld returned 1 exit status
CMakeFiles/cmTC_2ad8b.dir/build.make:98: recipe for target 'cmTC_2ad8b' failed
make[4]: *** [cmTC_2ad8b] Error 1
make[4]: Leaving directory '/home/jetson/Self-Driving-Delivery-Robot/build/gpu_stereo_image_proc/ext/libSGM/src/ext-libSGM-build/CMakeFiles/CMakeTmp'
Makefile:127: recipe for target 'cmTC_2ad8b/fast' failed
make[3]: *** [cmTC_2ad8b/fast] Error 2
make[3]: Leaving directory '/home/jetson/Self-Driving-Delivery-Robot/build/gpu_stereo_image_proc/ext/libSGM/src/ext-libSGM-build/CMakeFiles/CMakeTmp'



