Performing C SOURCE FILE Test CMAKE_HAVE_LIBC_PTHREAD failed with the following output:
Change Dir: /home/jetson/Self-Driving-Delivery-Robot/build/nmea_msgs/CMakeFiles/CMakeTmp

Run Build Command(s):/usr/bin/make -f Makefile cmTC_d67c8/fast && /usr/bin/make  -f CMakeFiles/cmTC_d67c8.dir/build.make CMakeFiles/cmTC_d67c8.dir/build
make[1]: Entering directory '/home/jetson/Self-Driving-Delivery-Robot/build/nmea_msgs/CMakeFiles/CMakeTmp'
Building C object CMakeFiles/cmTC_d67c8.dir/src.c.o
/usr/bin/cc -DCMAKE_HAVE_LIBC_PTHREAD   -o CMakeFiles/cmTC_d67c8.dir/src.c.o -c /home/jetson/Self-Driving-Delivery-Robot/build/nmea_msgs/CMakeFiles/CMakeTmp/src.c
Linking C executable cmTC_d67c8
/usr/local/bin/cmake -E cmake_link_script CMakeFiles/cmTC_d67c8.dir/link.txt --verbose=1
/usr/bin/cc -rdynamic CMakeFiles/cmTC_d67c8.dir/src.c.o -o cmTC_d67c8 
CMakeFiles/cmTC_d67c8.dir/src.c.o: In function `main':
src.c:(.text+0x48): undefined reference to `pthread_create'
src.c:(.text+0x50): undefined reference to `pthread_detach'
src.c:(.text+0x58): undefined reference to `pthread_cancel'
src.c:(.text+0x64): undefined reference to `pthread_join'
src.c:(.text+0x74): undefined reference to `pthread_atfork'
collect2: error: ld returned 1 exit status
CMakeFiles/cmTC_d67c8.dir/build.make:98: recipe for target 'cmTC_d67c8' failed
make[1]: *** [cmTC_d67c8] Error 1
make[1]: Leaving directory '/home/jetson/Self-Driving-Delivery-Robot/build/nmea_msgs/CMakeFiles/CMakeTmp'
Makefile:127: recipe for target 'cmTC_d67c8/fast' failed
make: *** [cmTC_d67c8/fast] Error 2


Source file was:
#include <pthread.h>

static void* test_func(void* data)
{
  return data;
}

int main(void)
{
  pthread_t thread;
  pthread_create(&thread, NULL, test_func, NULL);
  pthread_detach(thread);
  pthread_cancel(thread);
  pthread_join(thread, NULL);
  pthread_atfork(NULL, NULL, NULL);
  pthread_exit(NULL);

  return 0;
}

Determining if the function pthread_create exists in the pthreads failed with the following output:
Change Dir: /home/jetson/Self-Driving-Delivery-Robot/build/nmea_msgs/CMakeFiles/CMakeTmp

Run Build Command(s):/usr/bin/make -f Makefile cmTC_2c5ef/fast && /usr/bin/make  -f CMakeFiles/cmTC_2c5ef.dir/build.make CMakeFiles/cmTC_2c5ef.dir/build
make[1]: Entering directory '/home/jetson/Self-Driving-Delivery-Robot/build/nmea_msgs/CMakeFiles/CMakeTmp'
Building C object CMakeFiles/cmTC_2c5ef.dir/CheckFunctionExists.c.o
/usr/bin/cc   -DCHECK_FUNCTION_EXISTS=pthread_create -o CMakeFiles/cmTC_2c5ef.dir/CheckFunctionExists.c.o -c /usr/local/share/cmake-3.20/Modules/CheckFunctionExists.c
Linking C executable cmTC_2c5ef
/usr/local/bin/cmake -E cmake_link_script CMakeFiles/cmTC_2c5ef.dir/link.txt --verbose=1
/usr/bin/cc  -DCHECK_FUNCTION_EXISTS=pthread_create -rdynamic CMakeFiles/cmTC_2c5ef.dir/CheckFunctionExists.c.o -o cmTC_2c5ef  -lpthreads 
/usr/bin/ld: cannot find -lpthreads
collect2: error: ld returned 1 exit status
CMakeFiles/cmTC_2c5ef.dir/build.make:98: recipe for target 'cmTC_2c5ef' failed
make[1]: *** [cmTC_2c5ef] Error 1
make[1]: Leaving directory '/home/jetson/Self-Driving-Delivery-Robot/build/nmea_msgs/CMakeFiles/CMakeTmp'
Makefile:127: recipe for target 'cmTC_2c5ef/fast' failed
make: *** [cmTC_2c5ef/fast] Error 2



