Performing C SOURCE FILE Test CMAKE_HAVE_LIBC_PTHREAD failed with the following output:
Change Dir: /home/jetson/Self-Driving-Delivery-Robot/build/mpu_6050_driver/CMakeFiles/CMakeTmp

Run Build Command(s):/usr/bin/make -f Makefile cmTC_209c5/fast && /usr/bin/make  -f CMakeFiles/cmTC_209c5.dir/build.make CMakeFiles/cmTC_209c5.dir/build
make[1]: Entering directory '/home/jetson/Self-Driving-Delivery-Robot/build/mpu_6050_driver/CMakeFiles/CMakeTmp'
Building C object CMakeFiles/cmTC_209c5.dir/src.c.o
/usr/bin/cc -DCMAKE_HAVE_LIBC_PTHREAD   -o CMakeFiles/cmTC_209c5.dir/src.c.o -c /home/jetson/Self-Driving-Delivery-Robot/build/mpu_6050_driver/CMakeFiles/CMakeTmp/src.c
Linking C executable cmTC_209c5
/usr/local/bin/cmake -E cmake_link_script CMakeFiles/cmTC_209c5.dir/link.txt --verbose=1
/usr/bin/cc -rdynamic CMakeFiles/cmTC_209c5.dir/src.c.o -o cmTC_209c5 
CMakeFiles/cmTC_209c5.dir/src.c.o: In function `main':
src.c:(.text+0x48): undefined reference to `pthread_create'
src.c:(.text+0x50): undefined reference to `pthread_detach'
src.c:(.text+0x58): undefined reference to `pthread_cancel'
src.c:(.text+0x64): undefined reference to `pthread_join'
src.c:(.text+0x74): undefined reference to `pthread_atfork'
collect2: error: ld returned 1 exit status
CMakeFiles/cmTC_209c5.dir/build.make:98: recipe for target 'cmTC_209c5' failed
make[1]: *** [cmTC_209c5] Error 1
make[1]: Leaving directory '/home/jetson/Self-Driving-Delivery-Robot/build/mpu_6050_driver/CMakeFiles/CMakeTmp'
Makefile:127: recipe for target 'cmTC_209c5/fast' failed
make: *** [cmTC_209c5/fast] Error 2


Source file was:
#include <pthread.h>

static void* test_func(void* data)
{
  return data;
}

int main(void)
{
  pthread_t thread;
  pthread_create(&thread, NULL, test_func, NULL);
  pthread_detach(thread);
  pthread_cancel(thread);
  pthread_join(thread, NULL);
  pthread_atfork(NULL, NULL, NULL);
  pthread_exit(NULL);

  return 0;
}

Determining if the function pthread_create exists in the pthreads failed with the following output:
Change Dir: /home/jetson/Self-Driving-Delivery-Robot/build/mpu_6050_driver/CMakeFiles/CMakeTmp

Run Build Command(s):/usr/bin/make -f Makefile cmTC_5eb42/fast && /usr/bin/make  -f CMakeFiles/cmTC_5eb42.dir/build.make CMakeFiles/cmTC_5eb42.dir/build
make[1]: Entering directory '/home/jetson/Self-Driving-Delivery-Robot/build/mpu_6050_driver/CMakeFiles/CMakeTmp'
Building C object CMakeFiles/cmTC_5eb42.dir/CheckFunctionExists.c.o
/usr/bin/cc   -DCHECK_FUNCTION_EXISTS=pthread_create -o CMakeFiles/cmTC_5eb42.dir/CheckFunctionExists.c.o -c /usr/local/share/cmake-3.20/Modules/CheckFunctionExists.c
Linking C executable cmTC_5eb42
/usr/local/bin/cmake -E cmake_link_script CMakeFiles/cmTC_5eb42.dir/link.txt --verbose=1
/usr/bin/cc  -DCHECK_FUNCTION_EXISTS=pthread_create -rdynamic CMakeFiles/cmTC_5eb42.dir/CheckFunctionExists.c.o -o cmTC_5eb42  -lpthreads 
/usr/bin/ld: cannot find -lpthreads
collect2: error: ld returned 1 exit status
CMakeFiles/cmTC_5eb42.dir/build.make:98: recipe for target 'cmTC_5eb42' failed
make[1]: *** [cmTC_5eb42] Error 1
make[1]: Leaving directory '/home/jetson/Self-Driving-Delivery-Robot/build/mpu_6050_driver/CMakeFiles/CMakeTmp'
Makefile:127: recipe for target 'cmTC_5eb42/fast' failed
make: *** [cmTC_5eb42/fast] Error 2



